{
  "0 debug pnpm:scope": {
    "selected": 1
  },
  "1 debug pnpm:package-manifest": {
    "initial": {
      "name": "3d-portafolio",
      "version": "0.1.0",
      "private": true,
      "scripts": {
        "dev": "next dev",
        "build": "next build",
        "start": "next start",
        "lint": "next lint"
      },
      "dependencies": {
        "@react-spring/three": "^9.7.2",
        "@react-three/drei": "^9.65.5",
        "@react-three/fiber": "^8.12.2",
        "@reduxjs/toolkit": "^1.9.5",
        "@types/node": "18.15.13",
        "@types/react": "18.0.38",
        "@types/react-dom": "18.0.11",
        "@types/three": "^0.150.2",
        "@use-gesture/react": "^10.2.26",
        "leva": "^0.9.34",
        "next": "13.3.1",
        "r3f-perf": "^7.1.2",
        "react": "18.2.0",
        "react-dom": "18.2.0",
        "react-redux": "^8.0.5",
        "three": "^0.151.3",
        "typescript": "5.0.4"
      }
    },
    "prefix": "C:\\Users\\Carlos Torres\\Documents\\portafolio-3d\\3d-portafolio"
  },
  "2 warn pnpm": {
    "message": "Ignoring broken lockfile at C:\\Users\\Carlos Torres\\Documents\\portafolio-3d\\3d-portafolio: Lockfile C:\\Users\\Carlos Torres\\Documents\\portafolio-3d\\3d-portafolio\\pnpm-lock.yaml not compatible with current pnpm",
    "prefix": "C:\\Users\\Carlos Torres\\Documents\\portafolio-3d\\3d-portafolio"
  },
  "3 debug pnpm:context": {
    "currentLockfileExists": false,
    "storeDir": "C:\\Users\\Carlos Torres\\.pnpm-store\\v3",
    "virtualStoreDir": "C:\\Users\\Carlos Torres\\Documents\\portafolio-3d\\3d-portafolio\\node_modules\\.pnpm"
  },
  "4 debug pnpm:stage": {
    "prefix": "C:\\Users\\Carlos Torres\\Documents\\portafolio-3d\\3d-portafolio",
    "stage": "resolution_started"
  },
  "5 debug pnpm:_dependency_resolved": {
    "resolution": "registry.npmjs.org/@types/react-dom/18.0.11",
    "wanted": {
      "dependentId": ".",
      "name": "@types/react-dom",
      "rawSpec": "18.0.11"
    }
  },
  "6 debug pnpm:progress": {
    "packageId": "registry.npmjs.org/@types/react-dom/18.0.11",
    "requester": "C:\\Users\\Carlos Torres\\Documents\\portafolio-3d\\3d-portafolio",
    "status": "resolved"
  },
  "7 debug pnpm:_dependency_resolved": {
    "resolution": "registry.npmjs.org/@types/react/18.0.38",
    "wanted": {
      "dependentId": ".",
      "name": "@types/react",
      "rawSpec": "18.0.38"
    }
  },
  "8 debug pnpm:progress": {
    "packageId": "registry.npmjs.org/@types/react/18.0.38",
    "requester": "C:\\Users\\Carlos Torres\\Documents\\portafolio-3d\\3d-portafolio",
    "status": "resolved"
  },
  "9 debug pnpm:_dependency_resolved": {
    "resolution": "registry.npmjs.org/@types/node/18.15.13",
    "wanted": {
      "dependentId": ".",
      "name": "@types/node",
      "rawSpec": "18.15.13"
    }
  },
  "10 debug pnpm:progress": {
    "packageId": "registry.npmjs.org/@types/node/18.15.13",
    "requester": "C:\\Users\\Carlos Torres\\Documents\\portafolio-3d\\3d-portafolio",
    "status": "resolved"
  },
  "11 debug pnpm:_dependency_resolved": {
    "resolution": "registry.npmjs.org/react/18.2.0",
    "wanted": {
      "dependentId": ".",
      "name": "react",
      "rawSpec": "18.2.0"
    }
  },
  "12 debug pnpm:progress": {
    "packageId": "registry.npmjs.org/react/18.2.0",
    "requester": "C:\\Users\\Carlos Torres\\Documents\\portafolio-3d\\3d-portafolio",
    "status": "resolved"
  },
  "13 debug pnpm:_dependency_resolved": {
    "resolution": "registry.npmjs.org/react-dom/18.2.0",
    "wanted": {
      "dependentId": ".",
      "name": "react-dom",
      "rawSpec": "18.2.0"
    }
  },
  "14 debug pnpm:progress": {
    "packageId": "registry.npmjs.org/react-dom/18.2.0",
    "requester": "C:\\Users\\Carlos Torres\\Documents\\portafolio-3d\\3d-portafolio",
    "status": "resolved"
  },
  "15 debug pnpm:progress": {
    "packageId": "registry.npmjs.org/@types/react-dom/18.0.11",
    "requester": "C:\\Users\\Carlos Torres\\Documents\\portafolio-3d\\3d-portafolio",
    "status": "found_in_store"
  },
  "16 debug pnpm:progress": {
    "packageId": "registry.npmjs.org/@types/react/18.0.38",
    "requester": "C:\\Users\\Carlos Torres\\Documents\\portafolio-3d\\3d-portafolio",
    "status": "found_in_store"
  },
  "17 debug pnpm:progress": {
    "packageId": "registry.npmjs.org/@types/node/18.15.13",
    "requester": "C:\\Users\\Carlos Torres\\Documents\\portafolio-3d\\3d-portafolio",
    "status": "found_in_store"
  },
  "18 debug pnpm:progress": {
    "packageId": "registry.npmjs.org/react/18.2.0",
    "requester": "C:\\Users\\Carlos Torres\\Documents\\portafolio-3d\\3d-portafolio",
    "status": "found_in_store"
  },
  "19 debug pnpm:progress": {
    "packageId": "registry.npmjs.org/react-dom/18.2.0",
    "requester": "C:\\Users\\Carlos Torres\\Documents\\portafolio-3d\\3d-portafolio",
    "status": "found_in_store"
  },
  "20 debug pnpm:_dependency_resolved": {
    "resolution": "registry.npmjs.org/@use-gesture/react/10.2.26",
    "wanted": {
      "dependentId": ".",
      "name": "@use-gesture/react",
      "rawSpec": "^10.2.26"
    }
  },
  "21 debug pnpm:progress": {
    "packageId": "registry.npmjs.org/@use-gesture/react/10.2.26",
    "requester": "C:\\Users\\Carlos Torres\\Documents\\portafolio-3d\\3d-portafolio",
    "status": "resolved"
  },
  "22 debug pnpm:progress": {
    "packageId": "registry.npmjs.org/@use-gesture/react/10.2.26",
    "requester": "C:\\Users\\Carlos Torres\\Documents\\portafolio-3d\\3d-portafolio",
    "status": "found_in_store"
  },
  "23 debug pnpm:_dependency_resolved": {
    "resolution": "registry.npmjs.org/r3f-perf/7.1.2",
    "wanted": {
      "dependentId": ".",
      "name": "r3f-perf",
      "rawSpec": "^7.1.2"
    }
  },
  "24 debug pnpm:progress": {
    "packageId": "registry.npmjs.org/r3f-perf/7.1.2",
    "requester": "C:\\Users\\Carlos Torres\\Documents\\portafolio-3d\\3d-portafolio",
    "status": "resolved"
  },
  "25 debug pnpm:progress": {
    "packageId": "registry.npmjs.org/r3f-perf/7.1.2",
    "requester": "C:\\Users\\Carlos Torres\\Documents\\portafolio-3d\\3d-portafolio",
    "status": "found_in_store"
  },
  "26 debug pnpm:_dependency_resolved": {
    "resolution": "registry.npmjs.org/leva/0.9.34",
    "wanted": {
      "dependentId": ".",
      "name": "leva",
      "rawSpec": "^0.9.34"
    }
  },
  "27 debug pnpm:progress": {
    "packageId": "registry.npmjs.org/leva/0.9.34",
    "requester": "C:\\Users\\Carlos Torres\\Documents\\portafolio-3d\\3d-portafolio",
    "status": "resolved"
  },
  "28 debug pnpm:progress": {
    "packageId": "registry.npmjs.org/leva/0.9.34",
    "requester": "C:\\Users\\Carlos Torres\\Documents\\portafolio-3d\\3d-portafolio",
    "status": "found_in_store"
  },
  "29 debug pnpm:_dependency_resolved": {
    "resolution": "registry.npmjs.org/react-redux/8.0.5",
    "wanted": {
      "dependentId": ".",
      "name": "react-redux",
      "rawSpec": "^8.0.5"
    }
  },
  "30 debug pnpm:progress": {
    "packageId": "registry.npmjs.org/react-redux/8.0.5",
    "requester": "C:\\Users\\Carlos Torres\\Documents\\portafolio-3d\\3d-portafolio",
    "status": "resolved"
  },
  "31 debug pnpm:progress": {
    "packageId": "registry.npmjs.org/react-redux/8.0.5",
    "requester": "C:\\Users\\Carlos Torres\\Documents\\portafolio-3d\\3d-portafolio",
    "status": "found_in_store"
  },
  "32 debug pnpm:_dependency_resolved": {
    "resolution": "registry.npmjs.org/@reduxjs/toolkit/1.9.5",
    "wanted": {
      "dependentId": ".",
      "name": "@reduxjs/toolkit",
      "rawSpec": "^1.9.5"
    }
  },
  "33 debug pnpm:progress": {
    "packageId": "registry.npmjs.org/@reduxjs/toolkit/1.9.5",
    "requester": "C:\\Users\\Carlos Torres\\Documents\\portafolio-3d\\3d-portafolio",
    "status": "resolved"
  },
  "34 debug pnpm:progress": {
    "packageId": "registry.npmjs.org/@reduxjs/toolkit/1.9.5",
    "requester": "C:\\Users\\Carlos Torres\\Documents\\portafolio-3d\\3d-portafolio",
    "status": "found_in_store"
  },
  "35 debug pnpm:_dependency_resolved": {
    "resolution": "registry.npmjs.org/three/0.151.3",
    "wanted": {
      "dependentId": ".",
      "name": "three",
      "rawSpec": "^0.151.3"
    }
  },
  "36 debug pnpm:progress": {
    "packageId": "registry.npmjs.org/three/0.151.3",
    "requester": "C:\\Users\\Carlos Torres\\Documents\\portafolio-3d\\3d-portafolio",
    "status": "resolved"
  },
  "37 debug pnpm:fetching-progress": {
    "attempt": 1,
    "packageId": "registry.npmjs.org/three/0.151.3",
    "size": 6053625,
    "status": "started"
  },
  "38 debug pnpm:fetching-progress": {
    "downloaded": 16384,
    "packageId": "registry.npmjs.org/three/0.151.3",
    "status": "in_progress"
  },
  "39 debug pnpm:fetching-progress": {
    "downloaded": 32768,
    "packageId": "registry.npmjs.org/three/0.151.3",
    "status": "in_progress"
  },
  "40 debug pnpm:fetching-progress": {
    "downloaded": 49152,
    "packageId": "registry.npmjs.org/three/0.151.3",
    "status": "in_progress"
  },
  "41 debug pnpm:request-retry": {
    "attempt": 1,
    "error": {
      "message": "request to https://registry.npmjs.org/@react-three%2Fdrei failed, reason: Client network socket disconnected before secure TLS connection was established",
      "type": "system",
      "errno": "ECONNRESET",
      "code": "ECONNRESET"
    },
    "maxRetries": 2,
    "method": "GET",
    "timeout": 10000,
    "url": "https://registry.npmjs.org/@react-three%2Fdrei"
  },
  "42 debug pnpm:fetching-progress": {
    "downloaded": 65536,
    "packageId": "registry.npmjs.org/three/0.151.3",
    "status": "in_progress"
  },
  "43 debug pnpm:fetching-progress": {
    "downloaded": 81920,
    "packageId": "registry.npmjs.org/three/0.151.3",
    "status": "in_progress"
  },
  "44 debug pnpm:fetching-progress": {
    "downloaded": 98304,
    "packageId": "registry.npmjs.org/three/0.151.3",
    "status": "in_progress"
  },
  "45 debug pnpm:fetching-progress": {
    "downloaded": 114688,
    "packageId": "registry.npmjs.org/three/0.151.3",
    "status": "in_progress"
  },
  "46 debug pnpm:fetching-progress": {
    "downloaded": 131072,
    "packageId": "registry.npmjs.org/three/0.151.3",
    "status": "in_progress"
  },
  "47 debug pnpm:fetching-progress": {
    "downloaded": 147456,
    "packageId": "registry.npmjs.org/three/0.151.3",
    "status": "in_progress"
  },
  "48 debug pnpm:fetching-progress": {
    "downloaded": 163840,
    "packageId": "registry.npmjs.org/three/0.151.3",
    "status": "in_progress"
  },
  "49 debug pnpm:fetching-progress": {
    "downloaded": 180224,
    "packageId": "registry.npmjs.org/three/0.151.3",
    "status": "in_progress"
  },
  "50 debug pnpm:fetching-progress": {
    "downloaded": 196608,
    "packageId": "registry.npmjs.org/three/0.151.3",
    "status": "in_progress"
  },
  "51 debug pnpm:fetching-progress": {
    "downloaded": 212992,
    "packageId": "registry.npmjs.org/three/0.151.3",
    "status": "in_progress"
  },
  "52 debug pnpm:fetching-progress": {
    "downloaded": 229376,
    "packageId": "registry.npmjs.org/three/0.151.3",
    "status": "in_progress"
  },
  "53 debug pnpm:fetching-progress": {
    "downloaded": 245760,
    "packageId": "registry.npmjs.org/three/0.151.3",
    "status": "in_progress"
  },
  "54 debug pnpm:fetching-progress": {
    "downloaded": 262144,
    "packageId": "registry.npmjs.org/three/0.151.3",
    "status": "in_progress"
  },
  "55 debug pnpm:fetching-progress": {
    "downloaded": 278528,
    "packageId": "registry.npmjs.org/three/0.151.3",
    "status": "in_progress"
  },
  "56 debug pnpm:fetching-progress": {
    "downloaded": 294912,
    "packageId": "registry.npmjs.org/three/0.151.3",
    "status": "in_progress"
  },
  "57 debug pnpm:fetching-progress": {
    "downloaded": 311296,
    "packageId": "registry.npmjs.org/three/0.151.3",
    "status": "in_progress"
  },
  "58 debug pnpm:fetching-progress": {
    "downloaded": 327680,
    "packageId": "registry.npmjs.org/three/0.151.3",
    "status": "in_progress"
  },
  "59 debug pnpm:fetching-progress": {
    "downloaded": 344064,
    "packageId": "registry.npmjs.org/three/0.151.3",
    "status": "in_progress"
  },
  "60 debug pnpm:fetching-progress": {
    "downloaded": 360448,
    "packageId": "registry.npmjs.org/three/0.151.3",
    "status": "in_progress"
  },
  "61 debug pnpm:fetching-progress": {
    "downloaded": 376832,
    "packageId": "registry.npmjs.org/three/0.151.3",
    "status": "in_progress"
  },
  "62 debug pnpm:fetching-progress": {
    "downloaded": 393216,
    "packageId": "registry.npmjs.org/three/0.151.3",
    "status": "in_progress"
  },
  "63 debug pnpm:fetching-progress": {
    "downloaded": 409600,
    "packageId": "registry.npmjs.org/three/0.151.3",
    "status": "in_progress"
  },
  "64 debug pnpm:fetching-progress": {
    "downloaded": 425984,
    "packageId": "registry.npmjs.org/three/0.151.3",
    "status": "in_progress"
  },
  "65 debug pnpm:fetching-progress": {
    "downloaded": 442368,
    "packageId": "registry.npmjs.org/three/0.151.3",
    "status": "in_progress"
  },
  "66 debug pnpm:fetching-progress": {
    "downloaded": 458752,
    "packageId": "registry.npmjs.org/three/0.151.3",
    "status": "in_progress"
  },
  "67 debug pnpm:fetching-progress": {
    "downloaded": 475136,
    "packageId": "registry.npmjs.org/three/0.151.3",
    "status": "in_progress"
  },
  "68 debug pnpm:fetching-progress": {
    "downloaded": 491520,
    "packageId": "registry.npmjs.org/three/0.151.3",
    "status": "in_progress"
  },
  "69 debug pnpm:fetching-progress": {
    "downloaded": 507904,
    "packageId": "registry.npmjs.org/three/0.151.3",
    "status": "in_progress"
  },
  "70 debug pnpm:fetching-progress": {
    "downloaded": 524288,
    "packageId": "registry.npmjs.org/three/0.151.3",
    "status": "in_progress"
  },
  "71 debug pnpm:fetching-progress": {
    "downloaded": 540672,
    "packageId": "registry.npmjs.org/three/0.151.3",
    "status": "in_progress"
  },
  "72 debug pnpm:fetching-progress": {
    "downloaded": 557056,
    "packageId": "registry.npmjs.org/three/0.151.3",
    "status": "in_progress"
  },
  "73 debug pnpm:fetching-progress": {
    "downloaded": 573440,
    "packageId": "registry.npmjs.org/three/0.151.3",
    "status": "in_progress"
  },
  "74 debug pnpm:fetching-progress": {
    "downloaded": 589824,
    "packageId": "registry.npmjs.org/three/0.151.3",
    "status": "in_progress"
  },
  "75 debug pnpm:fetching-progress": {
    "downloaded": 606208,
    "packageId": "registry.npmjs.org/three/0.151.3",
    "status": "in_progress"
  },
  "76 debug pnpm:fetching-progress": {
    "downloaded": 622592,
    "packageId": "registry.npmjs.org/three/0.151.3",
    "status": "in_progress"
  },
  "77 debug pnpm:fetching-progress": {
    "downloaded": 638976,
    "packageId": "registry.npmjs.org/three/0.151.3",
    "status": "in_progress"
  },
  "78 debug pnpm:fetching-progress": {
    "downloaded": 655360,
    "packageId": "registry.npmjs.org/three/0.151.3",
    "status": "in_progress"
  },
  "79 debug pnpm:fetching-progress": {
    "downloaded": 671744,
    "packageId": "registry.npmjs.org/three/0.151.3",
    "status": "in_progress"
  },
  "80 debug pnpm:fetching-progress": {
    "downloaded": 688128,
    "packageId": "registry.npmjs.org/three/0.151.3",
    "status": "in_progress"
  },
  "81 debug pnpm:fetching-progress": {
    "downloaded": 704512,
    "packageId": "registry.npmjs.org/three/0.151.3",
    "status": "in_progress"
  },
  "82 debug pnpm:fetching-progress": {
    "downloaded": 715959,
    "packageId": "registry.npmjs.org/three/0.151.3",
    "status": "in_progress"
  },
  "83 debug pnpm:fetching-progress": {
    "downloaded": 720896,
    "packageId": "registry.npmjs.org/three/0.151.3",
    "status": "in_progress"
  },
  "84 debug pnpm:fetching-progress": {
    "downloaded": 737280,
    "packageId": "registry.npmjs.org/three/0.151.3",
    "status": "in_progress"
  },
  "85 debug pnpm:fetching-progress": {
    "downloaded": 748727,
    "packageId": "registry.npmjs.org/three/0.151.3",
    "status": "in_progress"
  },
  "86 debug pnpm:fetching-progress": {
    "downloaded": 765111,
    "packageId": "registry.npmjs.org/three/0.151.3",
    "status": "in_progress"
  },
  "87 debug pnpm:fetching-progress": {
    "downloaded": 781495,
    "packageId": "registry.npmjs.org/three/0.151.3",
    "status": "in_progress"
  },
  "88 debug pnpm:fetching-progress": {
    "downloaded": 797879,
    "packageId": "registry.npmjs.org/three/0.151.3",
    "status": "in_progress"
  },
  "89 debug pnpm:fetching-progress": {
    "downloaded": 814263,
    "packageId": "registry.npmjs.org/three/0.151.3",
    "status": "in_progress"
  },
  "90 debug pnpm:fetching-progress": {
    "downloaded": 830647,
    "packageId": "registry.npmjs.org/three/0.151.3",
    "status": "in_progress"
  },
  "91 debug pnpm:fetching-progress": {
    "downloaded": 847031,
    "packageId": "registry.npmjs.org/three/0.151.3",
    "status": "in_progress"
  },
  "92 debug pnpm:fetching-progress": {
    "downloaded": 863415,
    "packageId": "registry.npmjs.org/three/0.151.3",
    "status": "in_progress"
  },
  "93 debug pnpm:fetching-progress": {
    "downloaded": 879799,
    "packageId": "registry.npmjs.org/three/0.151.3",
    "status": "in_progress"
  },
  "94 debug pnpm:fetching-progress": {
    "downloaded": 896183,
    "packageId": "registry.npmjs.org/three/0.151.3",
    "status": "in_progress"
  },
  "95 debug pnpm:fetching-progress": {
    "downloaded": 912567,
    "packageId": "registry.npmjs.org/three/0.151.3",
    "status": "in_progress"
  },
  "96 debug pnpm:fetching-progress": {
    "downloaded": 928951,
    "packageId": "registry.npmjs.org/three/0.151.3",
    "status": "in_progress"
  },
  "97 debug pnpm:fetching-progress": {
    "downloaded": 945335,
    "packageId": "registry.npmjs.org/three/0.151.3",
    "status": "in_progress"
  },
  "98 debug pnpm:fetching-progress": {
    "downloaded": 961719,
    "packageId": "registry.npmjs.org/three/0.151.3",
    "status": "in_progress"
  },
  "99 debug pnpm:fetching-progress": {
    "downloaded": 978103,
    "packageId": "registry.npmjs.org/three/0.151.3",
    "status": "in_progress"
  },
  "100 debug pnpm:fetching-progress": {
    "downloaded": 994487,
    "packageId": "registry.npmjs.org/three/0.151.3",
    "status": "in_progress"
  },
  "101 debug pnpm:fetching-progress": {
    "downloaded": 1010871,
    "packageId": "registry.npmjs.org/three/0.151.3",
    "status": "in_progress"
  },
  "102 debug pnpm:fetching-progress": {
    "downloaded": 1027255,
    "packageId": "registry.npmjs.org/three/0.151.3",
    "status": "in_progress"
  },
  "103 debug pnpm:_dependency_resolved": {
    "resolution": "registry.npmjs.org/@react-spring/three/9.7.2",
    "wanted": {
      "dependentId": ".",
      "name": "@react-spring/three",
      "rawSpec": "^9.7.2"
    }
  },
  "104 debug pnpm:progress": {
    "packageId": "registry.npmjs.org/@react-spring/three/9.7.2",
    "requester": "C:\\Users\\Carlos Torres\\Documents\\portafolio-3d\\3d-portafolio",
    "status": "resolved"
  },
  "105 debug pnpm:progress": {
    "packageId": "registry.npmjs.org/@react-spring/three/9.7.2",
    "requester": "C:\\Users\\Carlos Torres\\Documents\\portafolio-3d\\3d-portafolio",
    "status": "found_in_store"
  },
  "106 debug pnpm:fetching-progress": {
    "downloaded": 1043639,
    "packageId": "registry.npmjs.org/three/0.151.3",
    "status": "in_progress"
  },
  "107 debug pnpm:fetching-progress": {
    "downloaded": 1060023,
    "packageId": "registry.npmjs.org/three/0.151.3",
    "status": "in_progress"
  },
  "108 debug pnpm:fetching-progress": {
    "downloaded": 1076407,
    "packageId": "registry.npmjs.org/three/0.151.3",
    "status": "in_progress"
  },
  "109 debug pnpm:_dependency_resolved": {
    "resolution": "registry.npmjs.org/@types/three/0.150.2",
    "wanted": {
      "dependentId": ".",
      "name": "@types/three",
      "rawSpec": "^0.150.2"
    }
  },
  "110 debug pnpm:progress": {
    "packageId": "registry.npmjs.org/@types/three/0.150.2",
    "requester": "C:\\Users\\Carlos Torres\\Documents\\portafolio-3d\\3d-portafolio",
    "status": "resolved"
  },
  "111 debug pnpm:progress": {
    "packageId": "registry.npmjs.org/@types/three/0.150.2",
    "requester": "C:\\Users\\Carlos Torres\\Documents\\portafolio-3d\\3d-portafolio",
    "status": "found_in_store"
  },
  "112 debug pnpm:fetching-progress": {
    "downloaded": 1092791,
    "packageId": "registry.npmjs.org/three/0.151.3",
    "status": "in_progress"
  },
  "113 debug pnpm:fetching-progress": {
    "downloaded": 1109175,
    "packageId": "registry.npmjs.org/three/0.151.3",
    "status": "in_progress"
  },
  "114 debug pnpm:fetching-progress": {
    "downloaded": 1125559,
    "packageId": "registry.npmjs.org/three/0.151.3",
    "status": "in_progress"
  },
  "115 debug pnpm:fetching-progress": {
    "downloaded": 1141943,
    "packageId": "registry.npmjs.org/three/0.151.3",
    "status": "in_progress"
  },
  "116 debug pnpm:fetching-progress": {
    "downloaded": 1158327,
    "packageId": "registry.npmjs.org/three/0.151.3",
    "status": "in_progress"
  },
  "117 debug pnpm:fetching-progress": {
    "downloaded": 1174711,
    "packageId": "registry.npmjs.org/three/0.151.3",
    "status": "in_progress"
  },
  "118 debug pnpm:fetching-progress": {
    "downloaded": 1191095,
    "packageId": "registry.npmjs.org/three/0.151.3",
    "status": "in_progress"
  },
  "119 debug pnpm:fetching-progress": {
    "downloaded": 1207479,
    "packageId": "registry.npmjs.org/three/0.151.3",
    "status": "in_progress"
  },
  "120 debug pnpm:fetching-progress": {
    "downloaded": 1223863,
    "packageId": "registry.npmjs.org/three/0.151.3",
    "status": "in_progress"
  },
  "121 debug pnpm:fetching-progress": {
    "downloaded": 1240247,
    "packageId": "registry.npmjs.org/three/0.151.3",
    "status": "in_progress"
  },
  "122 debug pnpm:fetching-progress": {
    "downloaded": 1256631,
    "packageId": "registry.npmjs.org/three/0.151.3",
    "status": "in_progress"
  },
  "123 debug pnpm:fetching-progress": {
    "downloaded": 1273015,
    "packageId": "registry.npmjs.org/three/0.151.3",
    "status": "in_progress"
  },
  "124 debug pnpm:fetching-progress": {
    "downloaded": 1289399,
    "packageId": "registry.npmjs.org/three/0.151.3",
    "status": "in_progress"
  },
  "125 debug pnpm:fetching-progress": {
    "downloaded": 1305783,
    "packageId": "registry.npmjs.org/three/0.151.3",
    "status": "in_progress"
  },
  "126 debug pnpm:fetching-progress": {
    "downloaded": 1322167,
    "packageId": "registry.npmjs.org/three/0.151.3",
    "status": "in_progress"
  },
  "127 debug pnpm:fetching-progress": {
    "downloaded": 1338551,
    "packageId": "registry.npmjs.org/three/0.151.3",
    "status": "in_progress"
  },
  "128 debug pnpm:fetching-progress": {
    "downloaded": 1354935,
    "packageId": "registry.npmjs.org/three/0.151.3",
    "status": "in_progress"
  },
  "129 debug pnpm:fetching-progress": {
    "downloaded": 1371319,
    "packageId": "registry.npmjs.org/three/0.151.3",
    "status": "in_progress"
  },
  "130 debug pnpm:fetching-progress": {
    "downloaded": 1387703,
    "packageId": "registry.npmjs.org/three/0.151.3",
    "status": "in_progress"
  },
  "131 debug pnpm:fetching-progress": {
    "downloaded": 1404087,
    "packageId": "registry.npmjs.org/three/0.151.3",
    "status": "in_progress"
  },
  "132 debug pnpm:fetching-progress": {
    "downloaded": 1420471,
    "packageId": "registry.npmjs.org/three/0.151.3",
    "status": "in_progress"
  },
  "133 debug pnpm:fetching-progress": {
    "downloaded": 1436855,
    "packageId": "registry.npmjs.org/three/0.151.3",
    "status": "in_progress"
  },
  "134 debug pnpm:fetching-progress": {
    "downloaded": 1453239,
    "packageId": "registry.npmjs.org/three/0.151.3",
    "status": "in_progress"
  },
  "135 debug pnpm:fetching-progress": {
    "downloaded": 1469623,
    "packageId": "registry.npmjs.org/three/0.151.3",
    "status": "in_progress"
  },
  "136 debug pnpm:fetching-progress": {
    "downloaded": 1486007,
    "packageId": "registry.npmjs.org/three/0.151.3",
    "status": "in_progress"
  },
  "137 debug pnpm:fetching-progress": {
    "downloaded": 1502391,
    "packageId": "registry.npmjs.org/three/0.151.3",
    "status": "in_progress"
  },
  "138 debug pnpm:_dependency_resolved": {
    "resolution": "registry.npmjs.org/@react-three/drei/9.66.1",
    "wanted": {
      "dependentId": ".",
      "name": "@react-three/drei",
      "rawSpec": "^9.65.5"
    }
  },
  "139 debug pnpm:progress": {
    "packageId": "registry.npmjs.org/@react-three/drei/9.66.1",
    "requester": "C:\\Users\\Carlos Torres\\Documents\\portafolio-3d\\3d-portafolio",
    "status": "resolved"
  },
  "140 debug pnpm:progress": {
    "packageId": "registry.npmjs.org/@react-three/drei/9.66.1",
    "requester": "C:\\Users\\Carlos Torres\\Documents\\portafolio-3d\\3d-portafolio",
    "status": "found_in_store"
  },
  "141 debug pnpm:fetching-progress": {
    "downloaded": 1518775,
    "packageId": "registry.npmjs.org/three/0.151.3",
    "status": "in_progress"
  },
  "142 debug pnpm:fetching-progress": {
    "downloaded": 1535159,
    "packageId": "registry.npmjs.org/three/0.151.3",
    "status": "in_progress"
  },
  "143 debug pnpm:fetching-progress": {
    "downloaded": 1551543,
    "packageId": "registry.npmjs.org/three/0.151.3",
    "status": "in_progress"
  },
  "144 debug pnpm:fetching-progress": {
    "downloaded": 1567927,
    "packageId": "registry.npmjs.org/three/0.151.3",
    "status": "in_progress"
  },
  "145 debug pnpm:fetching-progress": {
    "downloaded": 1584311,
    "packageId": "registry.npmjs.org/three/0.151.3",
    "status": "in_progress"
  },
  "146 debug pnpm:request-retry": {
    "attempt": 1,
    "error": {
      "message": "network timeout at: https://registry.npmjs.org/typescript",
      "type": "request-timeout"
    },
    "maxRetries": 2,
    "method": "GET",
    "timeout": 10000,
    "url": "https://registry.npmjs.org/typescript"
  },
  "147 debug pnpm:fetching-progress": {
    "downloaded": 1600695,
    "packageId": "registry.npmjs.org/three/0.151.3",
    "status": "in_progress"
  },
  "148 debug pnpm:request-retry": {
    "attempt": 1,
    "error": {
      "message": "Response timeout while trying to fetch https://registry.npmjs.org/next (over 60000ms)",
      "type": "body-timeout"
    },
    "maxRetries": 2,
    "method": "GET",
    "timeout": 10000,
    "url": "https://registry.npmjs.org/next"
  },
  "149 debug pnpm:fetching-progress": {
    "downloaded": 1617079,
    "packageId": "registry.npmjs.org/three/0.151.3",
    "status": "in_progress"
  },
  "150 debug pnpm:fetching-progress": {
    "downloaded": 1633463,
    "packageId": "registry.npmjs.org/three/0.151.3",
    "status": "in_progress"
  },
  "151 debug pnpm:request-retry": {
    "attempt": 1,
    "error": {
      "message": "Response timeout while trying to fetch https://registry.npmjs.org/@react-three%2Ffiber (over 60000ms)",
      "type": "body-timeout"
    },
    "maxRetries": 2,
    "method": "GET",
    "timeout": 10000,
    "url": "https://registry.npmjs.org/@react-three%2Ffiber"
  },
  "152 debug pnpm:fetching-progress": {
    "downloaded": 1649847,
    "packageId": "registry.npmjs.org/three/0.151.3",
    "status": "in_progress"
  },
  "153 debug pnpm:fetching-progress": {
    "downloaded": 1666231,
    "packageId": "registry.npmjs.org/three/0.151.3",
    "status": "in_progress"
  },
  "154 debug pnpm:fetching-progress": {
    "downloaded": 1682615,
    "packageId": "registry.npmjs.org/three/0.151.3",
    "status": "in_progress"
  },
  "155 debug pnpm:fetching-progress": {
    "downloaded": 1698999,
    "packageId": "registry.npmjs.org/three/0.151.3",
    "status": "in_progress"
  },
  "156 debug pnpm:fetching-progress": {
    "downloaded": 1715383,
    "packageId": "registry.npmjs.org/three/0.151.3",
    "status": "in_progress"
  },
  "157 debug pnpm:fetching-progress": {
    "downloaded": 1731767,
    "packageId": "registry.npmjs.org/three/0.151.3",
    "status": "in_progress"
  },
  "158 debug pnpm:fetching-progress": {
    "downloaded": 1748151,
    "packageId": "registry.npmjs.org/three/0.151.3",
    "status": "in_progress"
  },
  "159 debug pnpm:fetching-progress": {
    "downloaded": 1764535,
    "packageId": "registry.npmjs.org/three/0.151.3",
    "status": "in_progress"
  },
  "160 debug pnpm:fetching-progress": {
    "downloaded": 1780919,
    "packageId": "registry.npmjs.org/three/0.151.3",
    "status": "in_progress"
  },
  "161 debug pnpm:fetching-progress": {
    "downloaded": 1797303,
    "packageId": "registry.npmjs.org/three/0.151.3",
    "status": "in_progress"
  },
  "162 debug pnpm:fetching-progress": {
    "downloaded": 1813687,
    "packageId": "registry.npmjs.org/three/0.151.3",
    "status": "in_progress"
  },
  "163 debug pnpm:fetching-progress": {
    "downloaded": 1830071,
    "packageId": "registry.npmjs.org/three/0.151.3",
    "status": "in_progress"
  },
  "164 debug pnpm:fetching-progress": {
    "downloaded": 1846455,
    "packageId": "registry.npmjs.org/three/0.151.3",
    "status": "in_progress"
  },
  "165 debug pnpm:_dependency_resolved": {
    "resolution": "registry.npmjs.org/@react-three/fiber/8.13.0",
    "wanted": {
      "dependentId": ".",
      "name": "@react-three/fiber",
      "rawSpec": "^8.12.2"
    }
  },
  "166 debug pnpm:progress": {
    "packageId": "registry.npmjs.org/@react-three/fiber/8.13.0",
    "requester": "C:\\Users\\Carlos Torres\\Documents\\portafolio-3d\\3d-portafolio",
    "status": "resolved"
  },
  "167 debug pnpm:progress": {
    "packageId": "registry.npmjs.org/@react-three/fiber/8.13.0",
    "requester": "C:\\Users\\Carlos Torres\\Documents\\portafolio-3d\\3d-portafolio",
    "status": "found_in_store"
  },
  "168 debug pnpm:fetching-progress": {
    "downloaded": 1862839,
    "packageId": "registry.npmjs.org/three/0.151.3",
    "status": "in_progress"
  },
  "169 debug pnpm:fetching-progress": {
    "downloaded": 1879223,
    "packageId": "registry.npmjs.org/three/0.151.3",
    "status": "in_progress"
  },
  "170 debug pnpm:fetching-progress": {
    "downloaded": 1895607,
    "packageId": "registry.npmjs.org/three/0.151.3",
    "status": "in_progress"
  },
  "171 debug pnpm:fetching-progress": {
    "downloaded": 1911991,
    "packageId": "registry.npmjs.org/three/0.151.3",
    "status": "in_progress"
  },
  "172 debug pnpm:fetching-progress": {
    "downloaded": 1928375,
    "packageId": "registry.npmjs.org/three/0.151.3",
    "status": "in_progress"
  },
  "173 debug pnpm:fetching-progress": {
    "downloaded": 1944759,
    "packageId": "registry.npmjs.org/three/0.151.3",
    "status": "in_progress"
  },
  "174 debug pnpm:fetching-progress": {
    "downloaded": 1961143,
    "packageId": "registry.npmjs.org/three/0.151.3",
    "status": "in_progress"
  },
  "175 debug pnpm:fetching-progress": {
    "downloaded": 1977527,
    "packageId": "registry.npmjs.org/three/0.151.3",
    "status": "in_progress"
  },
  "176 debug pnpm:fetching-progress": {
    "downloaded": 1992966,
    "packageId": "registry.npmjs.org/three/0.151.3",
    "status": "in_progress"
  },
  "177 debug pnpm:fetching-progress": {
    "downloaded": 2009350,
    "packageId": "registry.npmjs.org/three/0.151.3",
    "status": "in_progress"
  },
  "178 debug pnpm:fetching-progress": {
    "downloaded": 2025734,
    "packageId": "registry.npmjs.org/three/0.151.3",
    "status": "in_progress"
  },
  "179 debug pnpm:fetching-progress": {
    "downloaded": 2042118,
    "packageId": "registry.npmjs.org/three/0.151.3",
    "status": "in_progress"
  },
  "180 debug pnpm:fetching-progress": {
    "downloaded": 2058502,
    "packageId": "registry.npmjs.org/three/0.151.3",
    "status": "in_progress"
  },
  "181 debug pnpm:fetching-progress": {
    "downloaded": 2074886,
    "packageId": "registry.npmjs.org/three/0.151.3",
    "status": "in_progress"
  },
  "182 debug pnpm:fetching-progress": {
    "downloaded": 2091270,
    "packageId": "registry.npmjs.org/three/0.151.3",
    "status": "in_progress"
  },
  "183 debug pnpm:fetching-progress": {
    "downloaded": 2107654,
    "packageId": "registry.npmjs.org/three/0.151.3",
    "status": "in_progress"
  },
  "184 debug pnpm:fetching-progress": {
    "downloaded": 2124038,
    "packageId": "registry.npmjs.org/three/0.151.3",
    "status": "in_progress"
  },
  "185 debug pnpm:fetching-progress": {
    "downloaded": 2140422,
    "packageId": "registry.npmjs.org/three/0.151.3",
    "status": "in_progress"
  },
  "186 debug pnpm:fetching-progress": {
    "downloaded": 2156806,
    "packageId": "registry.npmjs.org/three/0.151.3",
    "status": "in_progress"
  },
  "187 debug pnpm:fetching-progress": {
    "downloaded": 2173190,
    "packageId": "registry.npmjs.org/three/0.151.3",
    "status": "in_progress"
  },
  "188 debug pnpm:fetching-progress": {
    "downloaded": 2189574,
    "packageId": "registry.npmjs.org/three/0.151.3",
    "status": "in_progress"
  },
  "189 debug pnpm:fetching-progress": {
    "downloaded": 2205958,
    "packageId": "registry.npmjs.org/three/0.151.3",
    "status": "in_progress"
  },
  "190 debug pnpm:fetching-progress": {
    "downloaded": 2222342,
    "packageId": "registry.npmjs.org/three/0.151.3",
    "status": "in_progress"
  },
  "191 debug pnpm:fetching-progress": {
    "downloaded": 2238726,
    "packageId": "registry.npmjs.org/three/0.151.3",
    "status": "in_progress"
  },
  "192 debug pnpm:fetching-progress": {
    "downloaded": 2255110,
    "packageId": "registry.npmjs.org/three/0.151.3",
    "status": "in_progress"
  },
  "193 debug pnpm:fetching-progress": {
    "downloaded": 2271494,
    "packageId": "registry.npmjs.org/three/0.151.3",
    "status": "in_progress"
  },
  "194 debug pnpm:fetching-progress": {
    "downloaded": 2287878,
    "packageId": "registry.npmjs.org/three/0.151.3",
    "status": "in_progress"
  },
  "195 debug pnpm:fetching-progress": {
    "downloaded": 2304262,
    "packageId": "registry.npmjs.org/three/0.151.3",
    "status": "in_progress"
  },
  "196 debug pnpm:fetching-progress": {
    "downloaded": 2320646,
    "packageId": "registry.npmjs.org/three/0.151.3",
    "status": "in_progress"
  },
  "197 debug pnpm:fetching-progress": {
    "downloaded": 2337030,
    "packageId": "registry.npmjs.org/three/0.151.3",
    "status": "in_progress"
  },
  "198 debug pnpm:fetching-progress": {
    "downloaded": 2353414,
    "packageId": "registry.npmjs.org/three/0.151.3",
    "status": "in_progress"
  },
  "199 debug pnpm:fetching-progress": {
    "downloaded": 2369798,
    "packageId": "registry.npmjs.org/three/0.151.3",
    "status": "in_progress"
  },
  "200 debug pnpm:fetching-progress": {
    "downloaded": 2386182,
    "packageId": "registry.npmjs.org/three/0.151.3",
    "status": "in_progress"
  },
  "201 debug pnpm:fetching-progress": {
    "downloaded": 2402566,
    "packageId": "registry.npmjs.org/three/0.151.3",
    "status": "in_progress"
  },
  "202 debug pnpm:fetching-progress": {
    "downloaded": 2418950,
    "packageId": "registry.npmjs.org/three/0.151.3",
    "status": "in_progress"
  },
  "203 debug pnpm:fetching-progress": {
    "downloaded": 2431238,
    "packageId": "registry.npmjs.org/three/0.151.3",
    "status": "in_progress"
  },
  "204 debug pnpm:fetching-progress": {
    "downloaded": 2447622,
    "packageId": "registry.npmjs.org/three/0.151.3",
    "status": "in_progress"
  },
  "205 debug pnpm:fetching-progress": {
    "downloaded": 2464006,
    "packageId": "registry.npmjs.org/three/0.151.3",
    "status": "in_progress"
  },
  "206 debug pnpm:fetching-progress": {
    "downloaded": 2480390,
    "packageId": "registry.npmjs.org/three/0.151.3",
    "status": "in_progress"
  },
  "207 debug pnpm:fetching-progress": {
    "downloaded": 2496774,
    "packageId": "registry.npmjs.org/three/0.151.3",
    "status": "in_progress"
  },
  "208 debug pnpm:fetching-progress": {
    "downloaded": 2513158,
    "packageId": "registry.npmjs.org/three/0.151.3",
    "status": "in_progress"
  },
  "209 debug pnpm:fetching-progress": {
    "downloaded": 2529542,
    "packageId": "registry.npmjs.org/three/0.151.3",
    "status": "in_progress"
  },
  "210 debug pnpm:fetching-progress": {
    "downloaded": 2545926,
    "packageId": "registry.npmjs.org/three/0.151.3",
    "status": "in_progress"
  },
  "211 debug pnpm:fetching-progress": {
    "downloaded": 2562310,
    "packageId": "registry.npmjs.org/three/0.151.3",
    "status": "in_progress"
  },
  "212 debug pnpm:fetching-progress": {
    "downloaded": 2578694,
    "packageId": "registry.npmjs.org/three/0.151.3",
    "status": "in_progress"
  },
  "213 debug pnpm:fetching-progress": {
    "downloaded": 2595078,
    "packageId": "registry.npmjs.org/three/0.151.3",
    "status": "in_progress"
  },
  "214 debug pnpm:fetching-progress": {
    "downloaded": 2611462,
    "packageId": "registry.npmjs.org/three/0.151.3",
    "status": "in_progress"
  },
  "215 debug pnpm:fetching-progress": {
    "downloaded": 2627846,
    "packageId": "registry.npmjs.org/three/0.151.3",
    "status": "in_progress"
  },
  "216 debug pnpm:fetching-progress": {
    "downloaded": 2644230,
    "packageId": "registry.npmjs.org/three/0.151.3",
    "status": "in_progress"
  },
  "217 debug pnpm:fetching-progress": {
    "downloaded": 2660614,
    "packageId": "registry.npmjs.org/three/0.151.3",
    "status": "in_progress"
  },
  "218 debug pnpm:fetching-progress": {
    "downloaded": 2676998,
    "packageId": "registry.npmjs.org/three/0.151.3",
    "status": "in_progress"
  },
  "219 debug pnpm:fetching-progress": {
    "downloaded": 2693382,
    "packageId": "registry.npmjs.org/three/0.151.3",
    "status": "in_progress"
  },
  "220 debug pnpm:fetching-progress": {
    "downloaded": 2709766,
    "packageId": "registry.npmjs.org/three/0.151.3",
    "status": "in_progress"
  },
  "221 debug pnpm:fetching-progress": {
    "downloaded": 2726150,
    "packageId": "registry.npmjs.org/three/0.151.3",
    "status": "in_progress"
  },
  "222 debug pnpm:fetching-progress": {
    "downloaded": 2742534,
    "packageId": "registry.npmjs.org/three/0.151.3",
    "status": "in_progress"
  },
  "223 debug pnpm:fetching-progress": {
    "downloaded": 2758918,
    "packageId": "registry.npmjs.org/three/0.151.3",
    "status": "in_progress"
  },
  "224 debug pnpm:fetching-progress": {
    "downloaded": 2775302,
    "packageId": "registry.npmjs.org/three/0.151.3",
    "status": "in_progress"
  },
  "225 debug pnpm:fetching-progress": {
    "downloaded": 2791686,
    "packageId": "registry.npmjs.org/three/0.151.3",
    "status": "in_progress"
  },
  "226 debug pnpm:fetching-progress": {
    "downloaded": 2808070,
    "packageId": "registry.npmjs.org/three/0.151.3",
    "status": "in_progress"
  },
  "227 debug pnpm:fetching-progress": {
    "downloaded": 2824454,
    "packageId": "registry.npmjs.org/three/0.151.3",
    "status": "in_progress"
  },
  "228 debug pnpm:fetching-progress": {
    "downloaded": 2840838,
    "packageId": "registry.npmjs.org/three/0.151.3",
    "status": "in_progress"
  },
  "229 debug pnpm:fetching-progress": {
    "downloaded": 2857222,
    "packageId": "registry.npmjs.org/three/0.151.3",
    "status": "in_progress"
  },
  "230 debug pnpm:fetching-progress": {
    "downloaded": 2873606,
    "packageId": "registry.npmjs.org/three/0.151.3",
    "status": "in_progress"
  },
  "231 debug pnpm:fetching-progress": {
    "downloaded": 2889990,
    "packageId": "registry.npmjs.org/three/0.151.3",
    "status": "in_progress"
  },
  "232 debug pnpm:fetching-progress": {
    "downloaded": 2906374,
    "packageId": "registry.npmjs.org/three/0.151.3",
    "status": "in_progress"
  },
  "233 debug pnpm:fetching-progress": {
    "downloaded": 2922758,
    "packageId": "registry.npmjs.org/three/0.151.3",
    "status": "in_progress"
  },
  "234 debug pnpm:fetching-progress": {
    "downloaded": 2939142,
    "packageId": "registry.npmjs.org/three/0.151.3",
    "status": "in_progress"
  },
  "235 debug pnpm:fetching-progress": {
    "downloaded": 2955526,
    "packageId": "registry.npmjs.org/three/0.151.3",
    "status": "in_progress"
  },
  "236 debug pnpm:fetching-progress": {
    "downloaded": 2971910,
    "packageId": "registry.npmjs.org/three/0.151.3",
    "status": "in_progress"
  },
  "237 debug pnpm:fetching-progress": {
    "downloaded": 2988294,
    "packageId": "registry.npmjs.org/three/0.151.3",
    "status": "in_progress"
  },
  "238 debug pnpm:fetching-progress": {
    "downloaded": 3004678,
    "packageId": "registry.npmjs.org/three/0.151.3",
    "status": "in_progress"
  },
  "239 debug pnpm:fetching-progress": {
    "downloaded": 3021062,
    "packageId": "registry.npmjs.org/three/0.151.3",
    "status": "in_progress"
  },
  "240 debug pnpm:fetching-progress": {
    "downloaded": 3037446,
    "packageId": "registry.npmjs.org/three/0.151.3",
    "status": "in_progress"
  },
  "241 debug pnpm:fetching-progress": {
    "downloaded": 3053830,
    "packageId": "registry.npmjs.org/three/0.151.3",
    "status": "in_progress"
  },
  "242 debug pnpm:fetching-progress": {
    "downloaded": 3070214,
    "packageId": "registry.npmjs.org/three/0.151.3",
    "status": "in_progress"
  },
  "243 debug pnpm:fetching-progress": {
    "downloaded": 3086598,
    "packageId": "registry.npmjs.org/three/0.151.3",
    "status": "in_progress"
  },
  "244 debug pnpm:fetching-progress": {
    "downloaded": 3102982,
    "packageId": "registry.npmjs.org/three/0.151.3",
    "status": "in_progress"
  },
  "245 debug pnpm:fetching-progress": {
    "downloaded": 3119366,
    "packageId": "registry.npmjs.org/three/0.151.3",
    "status": "in_progress"
  },
  "246 debug pnpm:fetching-progress": {
    "downloaded": 3135750,
    "packageId": "registry.npmjs.org/three/0.151.3",
    "status": "in_progress"
  },
  "247 debug pnpm:fetching-progress": {
    "downloaded": 3152134,
    "packageId": "registry.npmjs.org/three/0.151.3",
    "status": "in_progress"
  },
  "248 debug pnpm:fetching-progress": {
    "downloaded": 3168518,
    "packageId": "registry.npmjs.org/three/0.151.3",
    "status": "in_progress"
  },
  "249 debug pnpm:fetching-progress": {
    "downloaded": 3184902,
    "packageId": "registry.npmjs.org/three/0.151.3",
    "status": "in_progress"
  },
  "250 debug pnpm:fetching-progress": {
    "downloaded": 3201286,
    "packageId": "registry.npmjs.org/three/0.151.3",
    "status": "in_progress"
  },
  "251 debug pnpm:fetching-progress": {
    "downloaded": 3217670,
    "packageId": "registry.npmjs.org/three/0.151.3",
    "status": "in_progress"
  },
  "252 debug pnpm:fetching-progress": {
    "downloaded": 3234054,
    "packageId": "registry.npmjs.org/three/0.151.3",
    "status": "in_progress"
  },
  "253 debug pnpm:fetching-progress": {
    "downloaded": 3250438,
    "packageId": "registry.npmjs.org/three/0.151.3",
    "status": "in_progress"
  },
  "254 debug pnpm:fetching-progress": {
    "downloaded": 3266822,
    "packageId": "registry.npmjs.org/three/0.151.3",
    "status": "in_progress"
  },
  "255 debug pnpm:fetching-progress": {
    "downloaded": 3283206,
    "packageId": "registry.npmjs.org/three/0.151.3",
    "status": "in_progress"
  },
  "256 debug pnpm:fetching-progress": {
    "downloaded": 3299590,
    "packageId": "registry.npmjs.org/three/0.151.3",
    "status": "in_progress"
  },
  "257 debug pnpm:fetching-progress": {
    "downloaded": 3315974,
    "packageId": "registry.npmjs.org/three/0.151.3",
    "status": "in_progress"
  },
  "258 debug pnpm:fetching-progress": {
    "downloaded": 3332358,
    "packageId": "registry.npmjs.org/three/0.151.3",
    "status": "in_progress"
  },
  "259 debug pnpm:fetching-progress": {
    "downloaded": 3348742,
    "packageId": "registry.npmjs.org/three/0.151.3",
    "status": "in_progress"
  },
  "260 debug pnpm:fetching-progress": {
    "downloaded": 3365126,
    "packageId": "registry.npmjs.org/three/0.151.3",
    "status": "in_progress"
  },
  "261 debug pnpm:fetching-progress": {
    "downloaded": 3381510,
    "packageId": "registry.npmjs.org/three/0.151.3",
    "status": "in_progress"
  },
  "262 debug pnpm:fetching-progress": {
    "downloaded": 3397894,
    "packageId": "registry.npmjs.org/three/0.151.3",
    "status": "in_progress"
  },
  "263 debug pnpm:fetching-progress": {
    "downloaded": 3414278,
    "packageId": "registry.npmjs.org/three/0.151.3",
    "status": "in_progress"
  },
  "264 debug pnpm:fetching-progress": {
    "downloaded": 3430662,
    "packageId": "registry.npmjs.org/three/0.151.3",
    "status": "in_progress"
  },
  "265 debug pnpm:fetching-progress": {
    "downloaded": 3447046,
    "packageId": "registry.npmjs.org/three/0.151.3",
    "status": "in_progress"
  },
  "266 debug pnpm:fetching-progress": {
    "downloaded": 3463430,
    "packageId": "registry.npmjs.org/three/0.151.3",
    "status": "in_progress"
  },
  "267 debug pnpm:fetching-progress": {
    "downloaded": 3479814,
    "packageId": "registry.npmjs.org/three/0.151.3",
    "status": "in_progress"
  },
  "268 debug pnpm:fetching-progress": {
    "downloaded": 3496198,
    "packageId": "registry.npmjs.org/three/0.151.3",
    "status": "in_progress"
  },
  "269 debug pnpm:fetching-progress": {
    "downloaded": 3512582,
    "packageId": "registry.npmjs.org/three/0.151.3",
    "status": "in_progress"
  },
  "270 debug pnpm:fetching-progress": {
    "downloaded": 3528966,
    "packageId": "registry.npmjs.org/three/0.151.3",
    "status": "in_progress"
  },
  "271 debug pnpm:fetching-progress": {
    "downloaded": 3545350,
    "packageId": "registry.npmjs.org/three/0.151.3",
    "status": "in_progress"
  },
  "272 debug pnpm:fetching-progress": {
    "downloaded": 3561734,
    "packageId": "registry.npmjs.org/three/0.151.3",
    "status": "in_progress"
  },
  "273 debug pnpm:fetching-progress": {
    "downloaded": 3578118,
    "packageId": "registry.npmjs.org/three/0.151.3",
    "status": "in_progress"
  },
  "274 debug pnpm:fetching-progress": {
    "downloaded": 3594502,
    "packageId": "registry.npmjs.org/three/0.151.3",
    "status": "in_progress"
  },
  "275 debug pnpm:fetching-progress": {
    "downloaded": 3610886,
    "packageId": "registry.npmjs.org/three/0.151.3",
    "status": "in_progress"
  },
  "276 debug pnpm:fetching-progress": {
    "downloaded": 3627270,
    "packageId": "registry.npmjs.org/three/0.151.3",
    "status": "in_progress"
  },
  "277 debug pnpm:fetching-progress": {
    "downloaded": 3643654,
    "packageId": "registry.npmjs.org/three/0.151.3",
    "status": "in_progress"
  },
  "278 debug pnpm:fetching-progress": {
    "downloaded": 3660038,
    "packageId": "registry.npmjs.org/three/0.151.3",
    "status": "in_progress"
  },
  "279 debug pnpm:fetching-progress": {
    "downloaded": 3676422,
    "packageId": "registry.npmjs.org/three/0.151.3",
    "status": "in_progress"
  },
  "280 debug pnpm:fetching-progress": {
    "downloaded": 3692806,
    "packageId": "registry.npmjs.org/three/0.151.3",
    "status": "in_progress"
  },
  "281 debug pnpm:fetching-progress": {
    "downloaded": 3709190,
    "packageId": "registry.npmjs.org/three/0.151.3",
    "status": "in_progress"
  },
  "282 debug pnpm:fetching-progress": {
    "downloaded": 3725574,
    "packageId": "registry.npmjs.org/three/0.151.3",
    "status": "in_progress"
  },
  "283 debug pnpm:fetching-progress": {
    "downloaded": 3741958,
    "packageId": "registry.npmjs.org/three/0.151.3",
    "status": "in_progress"
  },
  "284 debug pnpm:fetching-progress": {
    "downloaded": 3758342,
    "packageId": "registry.npmjs.org/three/0.151.3",
    "status": "in_progress"
  },
  "285 debug pnpm:fetching-progress": {
    "downloaded": 3774726,
    "packageId": "registry.npmjs.org/three/0.151.3",
    "status": "in_progress"
  },
  "286 debug pnpm:fetching-progress": {
    "downloaded": 3791110,
    "packageId": "registry.npmjs.org/three/0.151.3",
    "status": "in_progress"
  },
  "287 debug pnpm:fetching-progress": {
    "downloaded": 3807494,
    "packageId": "registry.npmjs.org/three/0.151.3",
    "status": "in_progress"
  },
  "288 debug pnpm:request-retry": {
    "attempt": 1,
    "error": {
      "message": "Response timeout while trying to fetch https://registry.npmjs.org/typescript (over 60000ms)",
      "type": "body-timeout"
    },
    "maxRetries": 2,
    "method": "GET",
    "timeout": 10000,
    "url": "https://registry.npmjs.org/typescript"
  },
  "289 debug pnpm:fetching-progress": {
    "downloaded": 3823878,
    "packageId": "registry.npmjs.org/three/0.151.3",
    "status": "in_progress"
  },
  "290 debug pnpm:fetching-progress": {
    "downloaded": 3840262,
    "packageId": "registry.npmjs.org/three/0.151.3",
    "status": "in_progress"
  },
  "291 debug pnpm:fetching-progress": {
    "downloaded": 3856646,
    "packageId": "registry.npmjs.org/three/0.151.3",
    "status": "in_progress"
  },
  "292 debug pnpm:fetching-progress": {
    "downloaded": 3873030,
    "packageId": "registry.npmjs.org/three/0.151.3",
    "status": "in_progress"
  },
  "293 debug pnpm:fetching-progress": {
    "downloaded": 3889414,
    "packageId": "registry.npmjs.org/three/0.151.3",
    "status": "in_progress"
  },
  "294 debug pnpm:fetching-progress": {
    "downloaded": 3905798,
    "packageId": "registry.npmjs.org/three/0.151.3",
    "status": "in_progress"
  },
  "295 debug pnpm:fetching-progress": {
    "downloaded": 3922182,
    "packageId": "registry.npmjs.org/three/0.151.3",
    "status": "in_progress"
  },
  "296 debug pnpm:fetching-progress": {
    "downloaded": 3938566,
    "packageId": "registry.npmjs.org/three/0.151.3",
    "status": "in_progress"
  },
  "297 debug pnpm:fetching-progress": {
    "downloaded": 3954950,
    "packageId": "registry.npmjs.org/three/0.151.3",
    "status": "in_progress"
  },
  "298 debug pnpm:request-retry": {
    "attempt": 2,
    "error": {
      "message": "Response timeout while trying to fetch https://registry.npmjs.org/next (over 60000ms)",
      "type": "body-timeout"
    },
    "maxRetries": 2,
    "method": "GET",
    "timeout": 60000,
    "url": "https://registry.npmjs.org/next"
  },
  "299 debug pnpm:fetching-progress": {
    "downloaded": 3971334,
    "packageId": "registry.npmjs.org/three/0.151.3",
    "status": "in_progress"
  },
  "300 debug pnpm:fetching-progress": {
    "downloaded": 3987718,
    "packageId": "registry.npmjs.org/three/0.151.3",
    "status": "in_progress"
  },
  "301 debug pnpm:fetching-progress": {
    "downloaded": 4004102,
    "packageId": "registry.npmjs.org/three/0.151.3",
    "status": "in_progress"
  },
  "302 debug pnpm:fetching-progress": {
    "downloaded": 4020486,
    "packageId": "registry.npmjs.org/three/0.151.3",
    "status": "in_progress"
  },
  "303 debug pnpm:fetching-progress": {
    "downloaded": 4032774,
    "packageId": "registry.npmjs.org/three/0.151.3",
    "status": "in_progress"
  },
  "304 debug pnpm:fetching-progress": {
    "downloaded": 4049158,
    "packageId": "registry.npmjs.org/three/0.151.3",
    "status": "in_progress"
  },
  "305 debug pnpm:fetching-progress": {
    "downloaded": 4065542,
    "packageId": "registry.npmjs.org/three/0.151.3",
    "status": "in_progress"
  },
  "306 debug pnpm:fetching-progress": {
    "downloaded": 4081926,
    "packageId": "registry.npmjs.org/three/0.151.3",
    "status": "in_progress"
  },
  "307 debug pnpm:fetching-progress": {
    "downloaded": 4098310,
    "packageId": "registry.npmjs.org/three/0.151.3",
    "status": "in_progress"
  },
  "308 debug pnpm:fetching-progress": {
    "downloaded": 4114694,
    "packageId": "registry.npmjs.org/three/0.151.3",
    "status": "in_progress"
  },
  "309 debug pnpm:fetching-progress": {
    "downloaded": 4131078,
    "packageId": "registry.npmjs.org/three/0.151.3",
    "status": "in_progress"
  },
  "310 debug pnpm:fetching-progress": {
    "downloaded": 4147462,
    "packageId": "registry.npmjs.org/three/0.151.3",
    "status": "in_progress"
  },
  "311 debug pnpm:fetching-progress": {
    "downloaded": 4163846,
    "packageId": "registry.npmjs.org/three/0.151.3",
    "status": "in_progress"
  },
  "312 debug pnpm:fetching-progress": {
    "downloaded": 4180230,
    "packageId": "registry.npmjs.org/three/0.151.3",
    "status": "in_progress"
  },
  "313 debug pnpm:fetching-progress": {
    "downloaded": 4196614,
    "packageId": "registry.npmjs.org/three/0.151.3",
    "status": "in_progress"
  },
  "314 debug pnpm:fetching-progress": {
    "downloaded": 4212998,
    "packageId": "registry.npmjs.org/three/0.151.3",
    "status": "in_progress"
  },
  "315 debug pnpm:fetching-progress": {
    "downloaded": 4229382,
    "packageId": "registry.npmjs.org/three/0.151.3",
    "status": "in_progress"
  },
  "316 debug pnpm:fetching-progress": {
    "downloaded": 4245766,
    "packageId": "registry.npmjs.org/three/0.151.3",
    "status": "in_progress"
  },
  "317 debug pnpm:fetching-progress": {
    "downloaded": 4262150,
    "packageId": "registry.npmjs.org/three/0.151.3",
    "status": "in_progress"
  },
  "318 debug pnpm:fetching-progress": {
    "downloaded": 4278534,
    "packageId": "registry.npmjs.org/three/0.151.3",
    "status": "in_progress"
  },
  "319 debug pnpm:fetching-progress": {
    "downloaded": 4294918,
    "packageId": "registry.npmjs.org/three/0.151.3",
    "status": "in_progress"
  },
  "320 debug pnpm:fetching-progress": {
    "downloaded": 4311302,
    "packageId": "registry.npmjs.org/three/0.151.3",
    "status": "in_progress"
  },
  "321 debug pnpm:fetching-progress": {
    "downloaded": 4327686,
    "packageId": "registry.npmjs.org/three/0.151.3",
    "status": "in_progress"
  },
  "322 debug pnpm:fetching-progress": {
    "downloaded": 4344070,
    "packageId": "registry.npmjs.org/three/0.151.3",
    "status": "in_progress"
  },
  "323 debug pnpm:fetching-progress": {
    "downloaded": 4360454,
    "packageId": "registry.npmjs.org/three/0.151.3",
    "status": "in_progress"
  },
  "324 debug pnpm:fetching-progress": {
    "downloaded": 4376838,
    "packageId": "registry.npmjs.org/three/0.151.3",
    "status": "in_progress"
  },
  "325 debug pnpm:fetching-progress": {
    "downloaded": 4393222,
    "packageId": "registry.npmjs.org/three/0.151.3",
    "status": "in_progress"
  },
  "326 debug pnpm:fetching-progress": {
    "downloaded": 4409606,
    "packageId": "registry.npmjs.org/three/0.151.3",
    "status": "in_progress"
  },
  "327 debug pnpm:fetching-progress": {
    "downloaded": 4425990,
    "packageId": "registry.npmjs.org/three/0.151.3",
    "status": "in_progress"
  },
  "328 debug pnpm:fetching-progress": {
    "downloaded": 4442374,
    "packageId": "registry.npmjs.org/three/0.151.3",
    "status": "in_progress"
  },
  "329 debug pnpm:fetching-progress": {
    "downloaded": 4458758,
    "packageId": "registry.npmjs.org/three/0.151.3",
    "status": "in_progress"
  },
  "330 debug pnpm:fetching-progress": {
    "downloaded": 4475142,
    "packageId": "registry.npmjs.org/three/0.151.3",
    "status": "in_progress"
  },
  "331 debug pnpm:fetching-progress": {
    "downloaded": 4491526,
    "packageId": "registry.npmjs.org/three/0.151.3",
    "status": "in_progress"
  },
  "332 debug pnpm:fetching-progress": {
    "downloaded": 4507910,
    "packageId": "registry.npmjs.org/three/0.151.3",
    "status": "in_progress"
  },
  "333 debug pnpm:fetching-progress": {
    "downloaded": 4524294,
    "packageId": "registry.npmjs.org/three/0.151.3",
    "status": "in_progress"
  },
  "334 debug pnpm:fetching-progress": {
    "downloaded": 4540678,
    "packageId": "registry.npmjs.org/three/0.151.3",
    "status": "in_progress"
  },
  "335 debug pnpm:fetching-progress": {
    "downloaded": 4557062,
    "packageId": "registry.npmjs.org/three/0.151.3",
    "status": "in_progress"
  },
  "336 debug pnpm:fetching-progress": {
    "downloaded": 4573446,
    "packageId": "registry.npmjs.org/three/0.151.3",
    "status": "in_progress"
  },
  "337 debug pnpm:fetching-progress": {
    "downloaded": 4589830,
    "packageId": "registry.npmjs.org/three/0.151.3",
    "status": "in_progress"
  },
  "338 debug pnpm:fetching-progress": {
    "downloaded": 4606214,
    "packageId": "registry.npmjs.org/three/0.151.3",
    "status": "in_progress"
  },
  "339 debug pnpm:fetching-progress": {
    "downloaded": 4622598,
    "packageId": "registry.npmjs.org/three/0.151.3",
    "status": "in_progress"
  },
  "340 debug pnpm:fetching-progress": {
    "downloaded": 4638982,
    "packageId": "registry.npmjs.org/three/0.151.3",
    "status": "in_progress"
  },
  "341 debug pnpm:fetching-progress": {
    "downloaded": 4655366,
    "packageId": "registry.npmjs.org/three/0.151.3",
    "status": "in_progress"
  },
  "342 debug pnpm:fetching-progress": {
    "downloaded": 4671750,
    "packageId": "registry.npmjs.org/three/0.151.3",
    "status": "in_progress"
  },
  "343 debug pnpm:fetching-progress": {
    "downloaded": 4688134,
    "packageId": "registry.npmjs.org/three/0.151.3",
    "status": "in_progress"
  },
  "344 debug pnpm:fetching-progress": {
    "downloaded": 4704518,
    "packageId": "registry.npmjs.org/three/0.151.3",
    "status": "in_progress"
  },
  "345 debug pnpm:fetching-progress": {
    "downloaded": 4720902,
    "packageId": "registry.npmjs.org/three/0.151.3",
    "status": "in_progress"
  },
  "346 debug pnpm:fetching-progress": {
    "downloaded": 4737286,
    "packageId": "registry.npmjs.org/three/0.151.3",
    "status": "in_progress"
  },
  "347 debug pnpm:fetching-progress": {
    "downloaded": 4753670,
    "packageId": "registry.npmjs.org/three/0.151.3",
    "status": "in_progress"
  },
  "348 debug pnpm:fetching-progress": {
    "downloaded": 4770054,
    "packageId": "registry.npmjs.org/three/0.151.3",
    "status": "in_progress"
  },
  "349 debug pnpm:fetching-progress": {
    "downloaded": 4786438,
    "packageId": "registry.npmjs.org/three/0.151.3",
    "status": "in_progress"
  },
  "350 debug pnpm:fetching-progress": {
    "downloaded": 4802822,
    "packageId": "registry.npmjs.org/three/0.151.3",
    "status": "in_progress"
  },
  "351 debug pnpm:fetching-progress": {
    "downloaded": 4819206,
    "packageId": "registry.npmjs.org/three/0.151.3",
    "status": "in_progress"
  },
  "352 debug pnpm:fetching-progress": {
    "downloaded": 4835590,
    "packageId": "registry.npmjs.org/three/0.151.3",
    "status": "in_progress"
  },
  "353 debug pnpm:fetching-progress": {
    "downloaded": 4851974,
    "packageId": "registry.npmjs.org/three/0.151.3",
    "status": "in_progress"
  },
  "354 debug pnpm:fetching-progress": {
    "downloaded": 4868358,
    "packageId": "registry.npmjs.org/three/0.151.3",
    "status": "in_progress"
  },
  "355 debug pnpm:fetching-progress": {
    "downloaded": 4884742,
    "packageId": "registry.npmjs.org/three/0.151.3",
    "status": "in_progress"
  },
  "356 debug pnpm:fetching-progress": {
    "downloaded": 4901126,
    "packageId": "registry.npmjs.org/three/0.151.3",
    "status": "in_progress"
  },
  "357 debug pnpm:fetching-progress": {
    "downloaded": 4917510,
    "packageId": "registry.npmjs.org/three/0.151.3",
    "status": "in_progress"
  },
  "358 debug pnpm:fetching-progress": {
    "downloaded": 4933894,
    "packageId": "registry.npmjs.org/three/0.151.3",
    "status": "in_progress"
  },
  "359 debug pnpm:fetching-progress": {
    "downloaded": 4950278,
    "packageId": "registry.npmjs.org/three/0.151.3",
    "status": "in_progress"
  },
  "360 debug pnpm:fetching-progress": {
    "downloaded": 4966662,
    "packageId": "registry.npmjs.org/three/0.151.3",
    "status": "in_progress"
  },
  "361 debug pnpm:fetching-progress": {
    "downloaded": 4983046,
    "packageId": "registry.npmjs.org/three/0.151.3",
    "status": "in_progress"
  },
  "362 debug pnpm:fetching-progress": {
    "downloaded": 4999430,
    "packageId": "registry.npmjs.org/three/0.151.3",
    "status": "in_progress"
  },
  "363 debug pnpm:fetching-progress": {
    "downloaded": 5015814,
    "packageId": "registry.npmjs.org/three/0.151.3",
    "status": "in_progress"
  },
  "364 debug pnpm:fetching-progress": {
    "downloaded": 5032198,
    "packageId": "registry.npmjs.org/three/0.151.3",
    "status": "in_progress"
  },
  "365 debug pnpm:fetching-progress": {
    "downloaded": 5048582,
    "packageId": "registry.npmjs.org/three/0.151.3",
    "status": "in_progress"
  },
  "366 debug pnpm:fetching-progress": {
    "downloaded": 5064966,
    "packageId": "registry.npmjs.org/three/0.151.3",
    "status": "in_progress"
  },
  "367 debug pnpm:fetching-progress": {
    "downloaded": 5081350,
    "packageId": "registry.npmjs.org/three/0.151.3",
    "status": "in_progress"
  },
  "368 debug pnpm:fetching-progress": {
    "downloaded": 5097734,
    "packageId": "registry.npmjs.org/three/0.151.3",
    "status": "in_progress"
  },
  "369 debug pnpm:fetching-progress": {
    "downloaded": 5114118,
    "packageId": "registry.npmjs.org/three/0.151.3",
    "status": "in_progress"
  },
  "370 debug pnpm:fetching-progress": {
    "downloaded": 5130502,
    "packageId": "registry.npmjs.org/three/0.151.3",
    "status": "in_progress"
  },
  "371 debug pnpm:fetching-progress": {
    "downloaded": 5146886,
    "packageId": "registry.npmjs.org/three/0.151.3",
    "status": "in_progress"
  },
  "372 debug pnpm:fetching-progress": {
    "downloaded": 5163270,
    "packageId": "registry.npmjs.org/three/0.151.3",
    "status": "in_progress"
  },
  "373 debug pnpm:fetching-progress": {
    "downloaded": 5179654,
    "packageId": "registry.npmjs.org/three/0.151.3",
    "status": "in_progress"
  },
  "374 debug pnpm:fetching-progress": {
    "downloaded": 5196038,
    "packageId": "registry.npmjs.org/three/0.151.3",
    "status": "in_progress"
  },
  "375 debug pnpm:fetching-progress": {
    "downloaded": 5212422,
    "packageId": "registry.npmjs.org/three/0.151.3",
    "status": "in_progress"
  },
  "376 debug pnpm:fetching-progress": {
    "downloaded": 5228806,
    "packageId": "registry.npmjs.org/three/0.151.3",
    "status": "in_progress"
  },
  "377 debug pnpm:fetching-progress": {
    "downloaded": 5245190,
    "packageId": "registry.npmjs.org/three/0.151.3",
    "status": "in_progress"
  },
  "378 debug pnpm:fetching-progress": {
    "downloaded": 5261574,
    "packageId": "registry.npmjs.org/three/0.151.3",
    "status": "in_progress"
  },
  "379 debug pnpm:fetching-progress": {
    "downloaded": 5277958,
    "packageId": "registry.npmjs.org/three/0.151.3",
    "status": "in_progress"
  },
  "380 debug pnpm:fetching-progress": {
    "downloaded": 5294342,
    "packageId": "registry.npmjs.org/three/0.151.3",
    "status": "in_progress"
  },
  "381 debug pnpm:fetching-progress": {
    "downloaded": 5310726,
    "packageId": "registry.npmjs.org/three/0.151.3",
    "status": "in_progress"
  },
  "382 debug pnpm:fetching-progress": {
    "downloaded": 5327110,
    "packageId": "registry.npmjs.org/three/0.151.3",
    "status": "in_progress"
  },
  "383 debug pnpm:fetching-progress": {
    "downloaded": 5343494,
    "packageId": "registry.npmjs.org/three/0.151.3",
    "status": "in_progress"
  },
  "384 debug pnpm:fetching-progress": {
    "downloaded": 5359878,
    "packageId": "registry.npmjs.org/three/0.151.3",
    "status": "in_progress"
  },
  "385 debug pnpm:fetching-progress": {
    "downloaded": 5376262,
    "packageId": "registry.npmjs.org/three/0.151.3",
    "status": "in_progress"
  },
  "386 debug pnpm:fetching-progress": {
    "downloaded": 5392646,
    "packageId": "registry.npmjs.org/three/0.151.3",
    "status": "in_progress"
  },
  "387 debug pnpm:fetching-progress": {
    "downloaded": 5409030,
    "packageId": "registry.npmjs.org/three/0.151.3",
    "status": "in_progress"
  },
  "388 debug pnpm:fetching-progress": {
    "downloaded": 5425414,
    "packageId": "registry.npmjs.org/three/0.151.3",
    "status": "in_progress"
  },
  "389 debug pnpm:fetching-progress": {
    "downloaded": 5441798,
    "packageId": "registry.npmjs.org/three/0.151.3",
    "status": "in_progress"
  },
  "390 debug pnpm:fetching-progress": {
    "downloaded": 5458182,
    "packageId": "registry.npmjs.org/three/0.151.3",
    "status": "in_progress"
  },
  "391 debug pnpm:fetching-progress": {
    "downloaded": 5474566,
    "packageId": "registry.npmjs.org/three/0.151.3",
    "status": "in_progress"
  },
  "392 debug pnpm:fetching-progress": {
    "downloaded": 5490950,
    "packageId": "registry.npmjs.org/three/0.151.3",
    "status": "in_progress"
  },
  "393 debug pnpm:fetching-progress": {
    "downloaded": 5507334,
    "packageId": "registry.npmjs.org/three/0.151.3",
    "status": "in_progress"
  },
  "394 debug pnpm:fetching-progress": {
    "downloaded": 5523718,
    "packageId": "registry.npmjs.org/three/0.151.3",
    "status": "in_progress"
  },
  "395 debug pnpm:fetching-progress": {
    "downloaded": 5540102,
    "packageId": "registry.npmjs.org/three/0.151.3",
    "status": "in_progress"
  },
  "396 debug pnpm:fetching-progress": {
    "downloaded": 5556486,
    "packageId": "registry.npmjs.org/three/0.151.3",
    "status": "in_progress"
  },
  "397 debug pnpm:fetching-progress": {
    "downloaded": 5572870,
    "packageId": "registry.npmjs.org/three/0.151.3",
    "status": "in_progress"
  },
  "398 debug pnpm:fetching-progress": {
    "downloaded": 5589254,
    "packageId": "registry.npmjs.org/three/0.151.3",
    "status": "in_progress"
  },
  "399 debug pnpm:fetching-progress": {
    "downloaded": 5605638,
    "packageId": "registry.npmjs.org/three/0.151.3",
    "status": "in_progress"
  },
  "400 debug pnpm:fetching-progress": {
    "downloaded": 5622022,
    "packageId": "registry.npmjs.org/three/0.151.3",
    "status": "in_progress"
  },
  "401 debug pnpm:fetching-progress": {
    "downloaded": 5638406,
    "packageId": "registry.npmjs.org/three/0.151.3",
    "status": "in_progress"
  },
  "402 debug pnpm:fetching-progress": {
    "downloaded": 5646598,
    "packageId": "registry.npmjs.org/three/0.151.3",
    "status": "in_progress"
  },
  "403 debug pnpm:fetching-progress": {
    "downloaded": 5662982,
    "packageId": "registry.npmjs.org/three/0.151.3",
    "status": "in_progress"
  },
  "404 debug pnpm:fetching-progress": {
    "downloaded": 5679366,
    "packageId": "registry.npmjs.org/three/0.151.3",
    "status": "in_progress"
  },
  "405 debug pnpm:fetching-progress": {
    "downloaded": 5695750,
    "packageId": "registry.npmjs.org/three/0.151.3",
    "status": "in_progress"
  },
  "406 debug pnpm:fetching-progress": {
    "downloaded": 5712134,
    "packageId": "registry.npmjs.org/three/0.151.3",
    "status": "in_progress"
  },
  "407 debug pnpm:fetching-progress": {
    "downloaded": 5728518,
    "packageId": "registry.npmjs.org/three/0.151.3",
    "status": "in_progress"
  },
  "408 debug pnpm:fetching-progress": {
    "downloaded": 5744902,
    "packageId": "registry.npmjs.org/three/0.151.3",
    "status": "in_progress"
  },
  "409 debug pnpm:fetching-progress": {
    "downloaded": 5761286,
    "packageId": "registry.npmjs.org/three/0.151.3",
    "status": "in_progress"
  },
  "410 debug pnpm:fetching-progress": {
    "downloaded": 5777670,
    "packageId": "registry.npmjs.org/three/0.151.3",
    "status": "in_progress"
  },
  "411 debug pnpm:fetching-progress": {
    "downloaded": 5794054,
    "packageId": "registry.npmjs.org/three/0.151.3",
    "status": "in_progress"
  },
  "412 debug pnpm:fetching-progress": {
    "downloaded": 5810438,
    "packageId": "registry.npmjs.org/three/0.151.3",
    "status": "in_progress"
  },
  "413 debug pnpm:fetching-progress": {
    "downloaded": 5826822,
    "packageId": "registry.npmjs.org/three/0.151.3",
    "status": "in_progress"
  },
  "414 debug pnpm:fetching-progress": {
    "downloaded": 5843206,
    "packageId": "registry.npmjs.org/three/0.151.3",
    "status": "in_progress"
  },
  "415 debug pnpm:fetching-progress": {
    "downloaded": 5859590,
    "packageId": "registry.npmjs.org/three/0.151.3",
    "status": "in_progress"
  },
  "416 debug pnpm:fetching-progress": {
    "downloaded": 5875974,
    "packageId": "registry.npmjs.org/three/0.151.3",
    "status": "in_progress"
  },
  "417 debug pnpm:fetching-progress": {
    "downloaded": 5892358,
    "packageId": "registry.npmjs.org/three/0.151.3",
    "status": "in_progress"
  },
  "418 debug pnpm:fetching-progress": {
    "downloaded": 5908742,
    "packageId": "registry.npmjs.org/three/0.151.3",
    "status": "in_progress"
  },
  "419 debug pnpm:request-retry": {
    "attempt": 2,
    "error": {
      "message": "Response timeout while trying to fetch https://registry.npmjs.org/typescript (over 60000ms)",
      "type": "body-timeout"
    },
    "maxRetries": 2,
    "method": "GET",
    "timeout": 60000,
    "url": "https://registry.npmjs.org/typescript"
  },
  "420 debug pnpm:fetching-progress": {
    "downloaded": 5925126,
    "packageId": "registry.npmjs.org/three/0.151.3",
    "status": "in_progress"
  },
  "421 debug pnpm:fetching-progress": {
    "downloaded": 5941510,
    "packageId": "registry.npmjs.org/three/0.151.3",
    "status": "in_progress"
  },
  "422 debug pnpm:fetching-progress": {
    "downloaded": 5957894,
    "packageId": "registry.npmjs.org/three/0.151.3",
    "status": "in_progress"
  },
  "423 debug pnpm:fetching-progress": {
    "downloaded": 5974278,
    "packageId": "registry.npmjs.org/three/0.151.3",
    "status": "in_progress"
  },
  "424 debug pnpm:fetching-progress": {
    "downloaded": 5990662,
    "packageId": "registry.npmjs.org/three/0.151.3",
    "status": "in_progress"
  },
  "425 debug pnpm:fetching-progress": {
    "downloaded": 6007046,
    "packageId": "registry.npmjs.org/three/0.151.3",
    "status": "in_progress"
  },
  "426 debug pnpm:fetching-progress": {
    "downloaded": 6023430,
    "packageId": "registry.npmjs.org/three/0.151.3",
    "status": "in_progress"
  },
  "427 debug pnpm:fetching-progress": {
    "downloaded": 6039814,
    "packageId": "registry.npmjs.org/three/0.151.3",
    "status": "in_progress"
  },
  "428 debug pnpm:fetching-progress": {
    "downloaded": 6053625,
    "packageId": "registry.npmjs.org/three/0.151.3",
    "status": "in_progress"
  },
  "429 debug pnpm:progress": {
    "packageId": "registry.npmjs.org/three/0.151.3",
    "requester": "C:\\Users\\Carlos Torres\\Documents\\portafolio-3d\\3d-portafolio",
    "status": "fetched"
  },
  "430 error pnpm": {
    "code": "ERR_PNPM_BROKEN_METADATA_JSON",
    "pkgsStack": [],
    "err": {
      "name": "Error",
      "message": "Response timeout while trying to fetch https://registry.npmjs.org/next (over 60000ms)",
      "code": "ERR_PNPM_BROKEN_METADATA_JSON",
      "stack": "Error: Response timeout while trying to fetch https://registry.npmjs.org/next (over 60000ms)\n    at RetryOperation._fn (C:\\Users\\Carlos Torres\\.node\\corepack\\pnpm\\6.11.0\\dist\\pnpm.cjs:79610:36)"
    }
  }
}